<?xml version="1.0" encoding="UTF-8"?>
<testng-results ignored="0" total="1" passed="1" failed="0" skipped="0">
  <reporter-output>
  </reporter-output>
  <suite started-at="2023-06-07T17:09:26 IST" name="Surefire suite" finished-at="2023-06-07T17:09:47 IST" duration-ms="20906">
    <groups>
    </groups>
    <test started-at="2023-06-07T17:09:26 IST" name="Surefire test" finished-at="2023-06-07T17:09:47 IST" duration-ms="20906">
      <class name="demo.jenkins.MavenJenkins.AppTest">
        <test-method signature="mavenjenkins()[pri:0, instance:demo.jenkins.MavenJenkins.AppTest@6156496]" started-at="2023-06-07T17:09:26 IST" name="mavenjenkins" finished-at="2023-06-07T17:09:47 IST" duration-ms="20840" status="PASS">
          <reporter-output>
          </reporter-output>
        </test-method> <!-- mavenjenkins -->
      </class> <!-- demo.jenkins.MavenJenkins.AppTest -->
    </test> <!-- Surefire test -->
  </suite> <!-- Surefire suite -->
</testng-results>
