<?xml version="1.0" encoding="UTF-8"?>
<testng-results ignored="0" total="1" passed="1" failed="0" skipped="0">
  <reporter-output>
  </reporter-output>
  <suite started-at="2023-06-07T16:11:22 IST" name="Default suite" finished-at="2023-06-07T16:11:46 IST" duration-ms="23827">
    <groups>
    </groups>
    <test started-at="2023-06-07T16:11:22 IST" name="Default test" finished-at="2023-06-07T16:11:46 IST" duration-ms="23827">
      <class name="demo.jenkins.MavenJenkins.AppTest">
        <test-method signature="mavenjenkins()[pri:0, instance:demo.jenkins.MavenJenkins.AppTest@2dc54ad4]" started-at="2023-06-07T16:11:22 IST" name="mavenjenkins" finished-at="2023-06-07T16:11:46 IST" duration-ms="23773" status="PASS">
          <reporter-output>
          </reporter-output>
        </test-method> <!-- mavenjenkins -->
      </class> <!-- demo.jenkins.MavenJenkins.AppTest -->
    </test> <!-- Default test -->
  </suite> <!-- Default suite -->
</testng-results>
